<?xml version="1.0" encoding="UTF-8"?>
<!-- Generated by org.testng.reporters.JUnitReportReporter -->
<testsuite hostname="poshs-HP-Laptop-15-bs0xx" failures="0" tests="2" name="TestClasses.VerifyUserCangetLowestPrice" time="0.110" errors="1" timestamp="2022-10-18T16:04:31 IST" skipped="1">
  <testcase classname="TestClasses.VerifyUserCangetLowestPrice" name="beforeclass" time="0.110">
    <error message="Could not start a new session. Possible causes are invalid address of the remote server or browser start-up failure." type="org.openqa.selenium.SessionNotCreatedException">
      <![CDATA[org.openqa.selenium.SessionNotCreatedException: Could not start a new session. Possible causes are invalid address of the remote server or browser start-up failure.
at org.openqa.selenium.remote.RemoteWebDriver.execute(RemoteWebDriver.java:565)
at org.openqa.selenium.remote.RemoteWebDriver.startSession(RemoteWebDriver.java:242)
at org.openqa.selenium.remote.RemoteWebDriver.<init>(RemoteWebDriver.java:157)
at org.openqa.selenium.firefox.FirefoxDriver.<init>(FirefoxDriver.java:110)
at org.openqa.selenium.firefox.FirefoxDriver.<init>(FirefoxDriver.java:98)
at org.openqa.selenium.firefox.FirefoxDriver.<init>(FirefoxDriver.java:94)
at BaseClasses.Base1.getDriver(Base1.java:20)
at TestClasses.VerifyUserCangetLowestPrice.beforeclass(VerifyUserCangetLowestPrice.java:24)
at java.base/jdk.internal.reflect.NativeMethodAccessorImpl.invoke0(Native Method)
at java.base/jdk.internal.reflect.NativeMethodAccessorImpl.invoke(NativeMethodAccessorImpl.java:77)
at java.base/jdk.internal.reflect.DelegatingMethodAccessorImpl.invoke(DelegatingMethodAccessorImpl.java:43)
at java.base/java.lang.reflect.Method.invoke(Method.java:568)
at org.testng.internal.MethodInvocationHelper.invokeMethod(MethodInvocationHelper.java:133)
at org.testng.internal.MethodInvocationHelper.invokeMethodConsideringTimeout(MethodInvocationHelper.java:62)
at org.testng.internal.ConfigInvoker.invokeConfigurationMethod(ConfigInvoker.java:385)
at org.testng.internal.ConfigInvoker.invokeConfigurations(ConfigInvoker.java:321)
at org.testng.internal.TestMethodWorker.invokeBeforeClassMethods(TestMethodWorker.java:176)
at org.testng.internal.TestMethodWorker.run(TestMethodWorker.java:122)
at java.base/java.util.ArrayList.forEach(ArrayList.java:1511)
at org.testng.TestRunner.privateRun(TestRunner.java:794)
at org.testng.TestRunner.run(TestRunner.java:596)
at org.testng.SuiteRunner.runTest(SuiteRunner.java:377)
at org.testng.SuiteRunner.runSequentially(SuiteRunner.java:371)
at org.testng.SuiteRunner.privateRun(SuiteRunner.java:332)
at org.testng.SuiteRunner.run(SuiteRunner.java:276)
at org.testng.SuiteRunnerWorker.runSuite(SuiteRunnerWorker.java:53)
at org.testng.SuiteRunnerWorker.run(SuiteRunnerWorker.java:96)
at org.testng.TestNG.runSuitesSequentially(TestNG.java:1212)
at org.testng.TestNG.runSuitesLocally(TestNG.java:1134)
at org.testng.TestNG.runSuites(TestNG.java:1063)
at org.testng.TestNG.run(TestNG.java:1031)
at org.testng.remote.AbstractRemoteTestNG.run(AbstractRemoteTestNG.java:115)
at org.testng.remote.RemoteTestNG.initAndRun(RemoteTestNG.java:251)
at org.testng.remote.RemoteTestNG.main(RemoteTestNG.java:77)
Caused by: org.openqa.selenium.WebDriverException: Driver server process died prematurely.
Build info: version: '4.4.0', revision: 'e5c75ed026a'
System info: host: 'poshs-HP-Laptop-15-bs0xx', ip: '127.0.1.1', os.name: 'Linux', os.arch: 'amd64', os.version: '5.4.0-125-generic', java.version: '17.0.3'
Driver info: driver.version: FirefoxDriver
at org.openqa.selenium.remote.service.DriverService.start(DriverService.java:226)
at org.openqa.selenium.remote.service.DriverCommandExecutor.execute(DriverCommandExecutor.java:98)
at org.openqa.selenium.remote.RemoteWebDriver.execute(RemoteWebDriver.java:547)
... 33 more
]]>
    </error>
  </testcase> <!-- beforeclass -->
  <system-out/>
  <testcase classname="TestClasses.VerifyUserCangetLowestPrice" name="getLowestPrice" time="0.000">
    <skipped/>
  </testcase> <!-- getLowestPrice -->
  <system-out/>
</testsuite> <!-- TestClasses.VerifyUserCangetLowestPrice -->
