<?xml version="1.0" encoding="UTF-8"?>
<!-- Generated by org.testng.reporters.JUnitReportReporter -->
<testsuite hostname="shridhar" failures="0" tests="2" name="LearnListeners.testClass" time="0.045" errors="0" timestamp="2023-02-01T12:56:29 IST" skipped="1">
  <testcase classname="LearnListeners.testClass" name="myTest2" time="0.005"/>
  <system-out/>
  <testcase classname="LearnListeners.testClass" name="myTest1" time="0.040">
    <skipped/>
  </testcase> <!-- myTest1 -->
  <system-out/>
</testsuite> <!-- LearnListeners.testClass -->
